<?xml version="1.0" encoding="UTF-8"?>
<testsuite xmlns:xsi="http://www.w3.org/2001/XMLSchema-instance" xsi:noNamespaceSchemaLocation="https://maven.apache.org/surefire/maven-surefire-plugin/xsd/surefire-test-report-3.0.xsd" version="3.0" name="org.cs3380project.application.backend.BackendExampleTest" time="0.089" tests="5" errors="0" skipped="0" failures="0">
  <properties>
    <property name="java.specification.version" value="14"/>
    <property name="sun.cpu.isalist" value="amd64"/>
    <property name="sun.jnu.encoding" value="Cp1252"/>
    <property name="java.class.path" value="C:\Users\godon\Documents\!! Computing\Virus-Virgil\target\test-classes;C:\Users\godon\.m2\repository\org\openjfx\javafx-controls\15.0.1\javafx-controls-15.0.1.jar;C:\Users\godon\.m2\repository\org\openjfx\javafx-graphics\15.0.1\javafx-graphics-15.0.1.jar;C:\Users\godon\.m2\repository\org\openjfx\javafx-base\15.0.1\javafx-base-15.0.1.jar;C:\Users\godon\.m2\repository\org\openjfx\javafx-fxml\15\javafx-fxml-15.jar;C:\Users\godon\.m2\repository\org\junit\jupiter\junit-jupiter-api\5.6.3\junit-jupiter-api-5.6.3.jar;C:\Users\godon\.m2\repository\org\apiguardian\apiguardian-api\1.1.0\apiguardian-api-1.1.0.jar;C:\Users\godon\.m2\repository\org\opentest4j\opentest4j\1.2.0\opentest4j-1.2.0.jar;C:\Users\godon\.m2\repository\org\junit\platform\junit-platform-commons\1.6.3\junit-platform-commons-1.6.3.jar;C:\Users\godon\.m2\repository\org\junit\jupiter\junit-jupiter-engine\5.6.3\junit-jupiter-engine-5.6.3.jar;C:\Users\godon\.m2\repository\org\junit\platform\junit-platform-engine\1.6.3\junit-platform-engine-1.6.3.jar;"/>
    <property name="java.vm.vendor" value="Oracle Corporation"/>
    <property name="sun.arch.data.model" value="64"/>
    <property name="user.variant" value=""/>
    <property name="java.vendor.url" value="https://java.oracle.com/"/>
    <property name="user.timezone" value="America/Chicago"/>
    <property name="os.name" value="Windows 10"/>
    <property name="java.vm.specification.version" value="14"/>
    <property name="sun.java.launcher" value="SUN_STANDARD"/>
    <property name="user.country" value="US"/>
    <property name="sun.boot.library.path" value="C:\Program Files\Java\jdk-14.0.1\bin"/>
    <property name="sun.java.command" value="org.apache.maven.surefire.booter.ForkedBooter C:\Users\godon\AppData\Local\Temp\surefire14937481966868964196 2020-11-17T20-59-07_060-jvmRun1 surefire3599365613667123681tmp surefire_02396139568481611819tmp"/>
    <property name="jdk.debug" value="release"/>
    <property name="surefire.test.class.path" value="C:\Users\godon\Documents\!! Computing\Virus-Virgil\target\test-classes;C:\Users\godon\.m2\repository\org\openjfx\javafx-controls\15.0.1\javafx-controls-15.0.1.jar;C:\Users\godon\.m2\repository\org\openjfx\javafx-graphics\15.0.1\javafx-graphics-15.0.1.jar;C:\Users\godon\.m2\repository\org\openjfx\javafx-base\15.0.1\javafx-base-15.0.1.jar;C:\Users\godon\.m2\repository\org\openjfx\javafx-fxml\15\javafx-fxml-15.jar;C:\Users\godon\.m2\repository\org\junit\jupiter\junit-jupiter-api\5.6.3\junit-jupiter-api-5.6.3.jar;C:\Users\godon\.m2\repository\org\apiguardian\apiguardian-api\1.1.0\apiguardian-api-1.1.0.jar;C:\Users\godon\.m2\repository\org\opentest4j\opentest4j\1.2.0\opentest4j-1.2.0.jar;C:\Users\godon\.m2\repository\org\junit\platform\junit-platform-commons\1.6.3\junit-platform-commons-1.6.3.jar;C:\Users\godon\.m2\repository\org\junit\jupiter\junit-jupiter-engine\5.6.3\junit-jupiter-engine-5.6.3.jar;C:\Users\godon\.m2\repository\org\junit\platform\junit-platform-engine\1.6.3\junit-platform-engine-1.6.3.jar;"/>
    <property name="sun.cpu.endian" value="little"/>
    <property name="user.home" value="C:\Users\godon"/>
    <property name="user.language" value="en"/>
    <property name="java.specification.vendor" value="Oracle Corporation"/>
    <property name="jdk.module.path" value="C:\Users\godon\Documents\!! Computing\Virus-Virgil\target\classes;C:\Users\godon\.m2\repository\org\openjfx\javafx-controls\15.0.1\javafx-controls-15.0.1-win.jar;C:\Users\godon\.m2\repository\org\openjfx\javafx-graphics\15.0.1\javafx-graphics-15.0.1-win.jar;C:\Users\godon\.m2\repository\org\openjfx\javafx-base\15.0.1\javafx-base-15.0.1-win.jar;C:\Users\godon\.m2\repository\org\openjfx\javafx-fxml\15\javafx-fxml-15-win.jar"/>
    <property name="java.version.date" value="2020-04-14"/>
    <property name="java.home" value="C:\Program Files\Java\jdk-14.0.1"/>
    <property name="file.separator" value="\"/>
    <property name="basedir" value="C:\Users\godon\Documents\!! Computing\Virus-Virgil"/>
    <property name="java.vm.compressedOopsMode" value="Zero based"/>
    <property name="line.separator" value="&#10;"/>
    <property name="java.vm.specification.vendor" value="Oracle Corporation"/>
    <property name="java.specification.name" value="Java Platform API Specification"/>
    <property name="surefire.real.class.path" value="C:\Users\godon\.m2\repository\org\apache\maven\surefire\surefire-booter\3.0.0-M5\surefire-booter-3.0.0-M5.jar;C:\Users\godon\.m2\repository\org\apache\maven\surefire\surefire-api\3.0.0-M5\surefire-api-3.0.0-M5.jar;C:\Users\godon\.m2\repository\org\apache\maven\surefire\surefire-logger-api\3.0.0-M5\surefire-logger-api-3.0.0-M5.jar;C:\Users\godon\.m2\repository\org\apache\maven\surefire\surefire-shared-utils\3.0.0-M4\surefire-shared-utils-3.0.0-M4.jar;C:\Users\godon\.m2\repository\org\apache\maven\surefire\surefire-extensions-spi\3.0.0-M5\surefire-extensions-spi-3.0.0-M5.jar;C:\Users\godon\Documents\!! Computing\Virus-Virgil\target\test-classes;C:\Users\godon\.m2\repository\org\openjfx\javafx-controls\15.0.1\javafx-controls-15.0.1.jar;C:\Users\godon\.m2\repository\org\openjfx\javafx-graphics\15.0.1\javafx-graphics-15.0.1.jar;C:\Users\godon\.m2\repository\org\openjfx\javafx-base\15.0.1\javafx-base-15.0.1.jar;C:\Users\godon\.m2\repository\org\openjfx\javafx-fxml\15\javafx-fxml-15.jar;C:\Users\godon\.m2\repository\org\junit\jupiter\junit-jupiter-api\5.6.3\junit-jupiter-api-5.6.3.jar;C:\Users\godon\.m2\repository\org\apiguardian\apiguardian-api\1.1.0\apiguardian-api-1.1.0.jar;C:\Users\godon\.m2\repository\org\opentest4j\opentest4j\1.2.0\opentest4j-1.2.0.jar;C:\Users\godon\.m2\repository\org\junit\platform\junit-platform-commons\1.6.3\junit-platform-commons-1.6.3.jar;C:\Users\godon\.m2\repository\org\junit\jupiter\junit-jupiter-engine\5.6.3\junit-jupiter-engine-5.6.3.jar;C:\Users\godon\.m2\repository\org\junit\platform\junit-platform-engine\1.6.3\junit-platform-engine-1.6.3.jar;C:\Users\godon\.m2\repository\org\apache\maven\surefire\surefire-junit-platform\3.0.0-M5\surefire-junit-platform-3.0.0-M5.jar;C:\Users\godon\.m2\repository\org\apache\maven\surefire\common-java5\3.0.0-M5\common-java5-3.0.0-M5.jar;C:\Users\godon\.m2\repository\org\junit\platform\junit-platform-launcher\1.6.3\junit-platform-launcher-1.6.3.jar"/>
    <property name="user.script" value=""/>
    <property name="sun.management.compiler" value="HotSpot 64-Bit Tiered Compilers"/>
    <property name="java.runtime.version" value="14.0.1+7"/>
    <property name="user.name" value="godon"/>
    <property name="path.separator" value=";"/>
    <property name="os.version" value="10.0"/>
    <property name="java.runtime.name" value="Java(TM) SE Runtime Environment"/>
    <property name="file.encoding" value="Cp1252"/>
    <property name="java.vm.name" value="Java HotSpot(TM) 64-Bit Server VM"/>
    <property name="localRepository" value="C:\Users\godon\.m2\repository"/>
    <property name="java.vendor.url.bug" value="https://bugreport.java.com/bugreport/"/>
    <property name="java.io.tmpdir" value="C:\Users\godon\AppData\Local\Temp\"/>
    <property name="idea.version" value="2020.2"/>
    <property name="java.version" value="14.0.1"/>
    <property name="user.dir" value="C:\Users\godon\Documents\!! Computing\Virus-Virgil"/>
    <property name="os.arch" value="amd64"/>
    <property name="java.vm.specification.name" value="Java Virtual Machine Specification"/>
    <property name="sun.os.patch.level" value=""/>
    <property name="java.library.path" value="C:\Program Files\Java\jdk-14.0.1\bin;C:\WINDOWS\Sun\Java\bin;C:\WINDOWS\system32;C:\WINDOWS;C:\Program Files\Common Files\Oracle\Java\javapath;C:\WINDOWS\system32;C:\WINDOWS;C:\WINDOWS\System32\Wbem;C:\WINDOWS\System32\WindowsPowerShell\v1.0\;C:\WINDOWS\System32\OpenSSH\;C:\Program Files\Calibre2\;C:\Program Files\mingw-w64\x86_64-8.1.0-posix-seh-rt_v6-rev0\mingw64\bin;C:\Program Files\PuTTY\;C:\Program Files (x86)\Intel\Intel(R) Management Engine Components\DAL;C:\Program Files\Intel\Intel(R) Management Engine Components\DAL;C:\Users\godon\AppData\Local\Programs\Python\Python38\Scripts\;C:\Users\godon\AppData\Local\Programs\Python\Python38\;C:\Users\godon\AppData\Local\Programs\Python\Launcher\;C:\Users\godon\AppData\Local\Microsoft\WindowsApps;C:\FFmpeg\bin;C:\Users\godon\AppData\Local\Programs\Microsoft VS Code\bin;;."/>
    <property name="java.vm.info" value="mixed mode"/>
    <property name="java.vendor" value="Oracle Corporation"/>
    <property name="java.vm.version" value="14.0.1+7"/>
    <property name="sun.io.unicode.encoding" value="UnicodeLittle"/>
    <property name="java.class.version" value="58.0"/>
  </properties>
  <testcase name="addNumber(TestInfo, RepetitionInfo)[1]" classname="org.cs3380project.application.backend.BackendExampleTest" time="0.041">
    <system-out><![CDATA[BeforeAll init() method called
BeforeEach initEach() method called
Running test -> 1
]]></system-out>
  </testcase>
  <testcase name="addNumber(TestInfo, RepetitionInfo)[2]" classname="org.cs3380project.application.backend.BackendExampleTest" time="0.001">
    <system-out><![CDATA[BeforeEach initEach() method called
Running test -> 2
]]></system-out>
  </testcase>
  <testcase name="addNumber(TestInfo, RepetitionInfo)[3]" classname="org.cs3380project.application.backend.BackendExampleTest" time="0.001">
    <system-out><![CDATA[BeforeEach initEach() method called
Running test -> 3
]]></system-out>
  </testcase>
  <testcase name="addNumber(TestInfo, RepetitionInfo)[4]" classname="org.cs3380project.application.backend.BackendExampleTest" time="0.002">
    <system-out><![CDATA[BeforeEach initEach() method called
Running test -> 4
]]></system-out>
  </testcase>
  <testcase name="addNumber(TestInfo, RepetitionInfo)[5]" classname="org.cs3380project.application.backend.BackendExampleTest" time="0.001">
    <system-out><![CDATA[BeforeEach initEach() method called
Running test -> 5
]]></system-out>
  </testcase>
</testsuite>